1729544847.939956 client started (17418): version 3.5a, socket /tmp/tmux-1000/default, protocol 8
1729544847.939998 on Linux 6.6.54-1-lts #1 SMP PREEMPT_DYNAMIC Sat, 05 Oct 2024 17:53:31 +0000
1729544847.940004 using libevent 2.1.12-stable poll
1729544847.940009 using ncurses 6.5 20240427
1729544847.940042 flags are 0x10010000
1729544847.940061 socket is /tmp/tmux-1000/default
1729544847.940080 trying connect
1729544847.940189 add peer 0x5f08822b0da0: 7 ((nil))
1729544847.940652 sending message 111 to peer 0x5f08822b0da0 (8 bytes)
1729544847.940661 sending message 111 to peer 0x5f08822b0da0 (8 bytes)
1729544847.940667 sending message 101 to peer 0x5f08822b0da0 (16 bytes)
1729544847.940673 sending message 109 to peer 0x5f08822b0da0 (4 bytes)
1729544847.940678 sending message 102 to peer 0x5f08822b0da0 (11 bytes)
1729544847.940684 sending message 108 to peer 0x5f08822b0da0 (25 bytes)
1729544847.940690 sending message 112 to peer 0x5f08822b0da0 (70 bytes)
1729544847.940695 sending message 112 to peer 0x5f08822b0da0 (5 bytes)
1729544847.940701 sending message 112 to peer 0x5f08822b0da0 (5 bytes)
1729544847.940707 sending message 112 to peer 0x5f08822b0da0 (6 bytes)
1729544847.940712 sending message 112 to peer 0x5f08822b0da0 (6 bytes)
1729544847.940718 sending message 112 to peer 0x5f08822b0da0 (11 bytes)
1729544847.940723 sending message 112 to peer 0x5f08822b0da0 (10 bytes)
1729544847.940729 sending message 112 to peer 0x5f08822b0da0 (13 bytes)
1729544847.940734 sending message 112 to peer 0x5f08822b0da0 (13 bytes)
1729544847.940740 sending message 112 to peer 0x5f08822b0da0 (18 bytes)
1729544847.940745 sending message 112 to peer 0x5f08822b0da0 (11 bytes)
1729544847.940750 sending message 112 to peer 0x5f08822b0da0 (21 bytes)
1729544847.940756 sending message 112 to peer 0x5f08822b0da0 (13 bytes)
1729544847.940761 sending message 112 to peer 0x5f08822b0da0 (7 bytes)
1729544847.940767 sending message 112 to peer 0x5f08822b0da0 (13 bytes)
1729544847.940772 sending message 112 to peer 0x5f08822b0da0 (7 bytes)
1729544847.940778 sending message 112 to peer 0x5f08822b0da0 (13 bytes)
1729544847.940783 sending message 112 to peer 0x5f08822b0da0 (9 bytes)
1729544847.940789 sending message 112 to peer 0x5f08822b0da0 (21 bytes)
1729544847.940794 sending message 112 to peer 0x5f08822b0da0 (13 bytes)
1729544847.940799 sending message 112 to peer 0x5f08822b0da0 (8 bytes)
1729544847.940805 sending message 112 to peer 0x5f08822b0da0 (12 bytes)
1729544847.940810 sending message 112 to peer 0x5f08822b0da0 (13 bytes)
1729544847.940816 sending message 112 to peer 0x5f08822b0da0 (9 bytes)
1729544847.940821 sending message 112 to peer 0x5f08822b0da0 (9 bytes)
1729544847.940827 sending message 112 to peer 0x5f08822b0da0 (12 bytes)
1729544847.940832 sending message 112 to peer 0x5f08822b0da0 (8 bytes)
1729544847.940838 sending message 112 to peer 0x5f08822b0da0 (7 bytes)
1729544847.940843 sending message 112 to peer 0x5f08822b0da0 (7 bytes)
1729544847.940849 sending message 112 to peer 0x5f08822b0da0 (9 bytes)
1729544847.940854 sending message 112 to peer 0x5f08822b0da0 (13 bytes)
1729544847.940859 sending message 112 to peer 0x5f08822b0da0 (9 bytes)
1729544847.940865 sending message 112 to peer 0x5f08822b0da0 (15 bytes)
1729544847.940870 sending message 112 to peer 0x5f08822b0da0 (13 bytes)
1729544847.940876 sending message 112 to peer 0x5f08822b0da0 (12 bytes)
1729544847.940881 sending message 112 to peer 0x5f08822b0da0 (8 bytes)
1729544847.940887 sending message 112 to peer 0x5f08822b0da0 (14 bytes)
1729544847.940892 sending message 112 to peer 0x5f08822b0da0 (9 bytes)
1729544847.940898 sending message 112 to peer 0x5f08822b0da0 (10 bytes)
1729544847.940903 sending message 112 to peer 0x5f08822b0da0 (10 bytes)
1729544847.940908 sending message 112 to peer 0x5f08822b0da0 (10 bytes)
1729544847.940914 sending message 112 to peer 0x5f08822b0da0 (10 bytes)
1729544847.940919 sending message 112 to peer 0x5f08822b0da0 (11 bytes)
1729544847.940925 sending message 112 to peer 0x5f08822b0da0 (10 bytes)
1729544847.940930 sending message 112 to peer 0x5f08822b0da0 (8 bytes)
1729544847.940948 sending message 112 to peer 0x5f08822b0da0 (11 bytes)
1729544847.940954 sending message 112 to peer 0x5f08822b0da0 (11 bytes)
1729544847.940959 sending message 112 to peer 0x5f08822b0da0 (11 bytes)
1729544847.940965 sending message 112 to peer 0x5f08822b0da0 (8 bytes)
1729544847.940970 sending message 112 to peer 0x5f08822b0da0 (8 bytes)
1729544847.940976 sending message 112 to peer 0x5f08822b0da0 (8 bytes)
1729544847.940981 sending message 112 to peer 0x5f08822b0da0 (10 bytes)
1729544847.940987 sending message 112 to peer 0x5f08822b0da0 (10 bytes)
1729544847.940992 sending message 112 to peer 0x5f08822b0da0 (10 bytes)
1729544847.940997 sending message 112 to peer 0x5f08822b0da0 (10 bytes)
1729544847.941003 sending message 112 to peer 0x5f08822b0da0 (10 bytes)
1729544847.941008 sending message 112 to peer 0x5f08822b0da0 (11 bytes)
1729544847.941014 sending message 112 to peer 0x5f08822b0da0 (11 bytes)
1729544847.941020 sending message 112 to peer 0x5f08822b0da0 (10 bytes)
1729544847.941025 sending message 112 to peer 0x5f08822b0da0 (9 bytes)
1729544847.941031 sending message 112 to peer 0x5f08822b0da0 (9 bytes)
1729544847.941036 sending message 112 to peer 0x5f08822b0da0 (12 bytes)
1729544847.941042 sending message 112 to peer 0x5f08822b0da0 (9 bytes)
1729544847.941047 sending message 112 to peer 0x5f08822b0da0 (6 bytes)
1729544847.941053 sending message 112 to peer 0x5f08822b0da0 (13 bytes)
1729544847.941058 sending message 112 to peer 0x5f08822b0da0 (8 bytes)
1729544847.941064 sending message 112 to peer 0x5f08822b0da0 (15 bytes)
1729544847.941069 sending message 112 to peer 0x5f08822b0da0 (13 bytes)
1729544847.941075 sending message 112 to peer 0x5f08822b0da0 (70 bytes)
1729544847.941081 sending message 112 to peer 0x5f08822b0da0 (69 bytes)
1729544847.941086 sending message 112 to peer 0x5f08822b0da0 (10 bytes)
1729544847.941092 sending message 112 to peer 0x5f08822b0da0 (8 bytes)
1729544847.941097 sending message 112 to peer 0x5f08822b0da0 (15 bytes)
1729544847.941103 sending message 112 to peer 0x5f08822b0da0 (13 bytes)
1729544847.941108 sending message 112 to peer 0x5f08822b0da0 (10 bytes)
1729544847.941113 sending message 112 to peer 0x5f08822b0da0 (10 bytes)
1729544847.941119 sending message 112 to peer 0x5f08822b0da0 (5 bytes)
1729544847.941124 sending message 112 to peer 0x5f08822b0da0 (15 bytes)
1729544847.941131 sending message 104 to peer 0x5f08822b0da0 (0 bytes)
1729544847.941138 sending message 110 to peer 0x5f08822b0da0 (0 bytes)
1729544847.941144 sending message 107 to peer 0x5f08822b0da0 (4 bytes)
1729544847.941149 sending message 105 to peer 0x5f08822b0da0 (38 bytes)
1729544847.941155 sending message 105 to peer 0x5f08822b0da0 (55 bytes)
1729544847.941161 sending message 105 to peer 0x5f08822b0da0 (29 bytes)
1729544847.941166 sending message 105 to peer 0x5f08822b0da0 (20 bytes)
1729544847.941172 sending message 105 to peer 0x5f08822b0da0 (54 bytes)
1729544847.941177 sending message 105 to peer 0x5f08822b0da0 (50 bytes)
1729544847.941183 sending message 105 to peer 0x5f08822b0da0 (19 bytes)
1729544847.941188 sending message 105 to peer 0x5f08822b0da0 (11 bytes)
1729544847.941194 sending message 105 to peer 0x5f08822b0da0 (57 bytes)
1729544847.941199 sending message 105 to peer 0x5f08822b0da0 (14 bytes)
1729544847.941205 sending message 105 to peer 0x5f08822b0da0 (35 bytes)
1729544847.941210 sending message 105 to peer 0x5f08822b0da0 (30 bytes)
1729544847.941216 sending message 105 to peer 0x5f08822b0da0 (32 bytes)
1729544847.941221 sending message 105 to peer 0x5f08822b0da0 (17 bytes)
1729544847.941227 sending message 105 to peer 0x5f08822b0da0 (41 bytes)
1729544847.941232 sending message 105 to peer 0x5f08822b0da0 (39 bytes)
1729544847.941238 sending message 105 to peer 0x5f08822b0da0 (17 bytes)
1729544847.941243 sending message 105 to peer 0x5f08822b0da0 (24 bytes)
1729544847.941249 sending message 105 to peer 0x5f08822b0da0 (8 bytes)
1729544847.941254 sending message 105 to peer 0x5f08822b0da0 (14 bytes)
1729544847.941260 sending message 105 to peer 0x5f08822b0da0 (32 bytes)
1729544847.941273 sending message 105 to peer 0x5f08822b0da0 (1905 bytes)
1729544847.941297 sending message 105 to peer 0x5f08822b0da0 (27 bytes)
1729544847.941303 sending message 105 to peer 0x5f08822b0da0 (27 bytes)
1729544847.941308 sending message 105 to peer 0x5f08822b0da0 (15 bytes)
1729544847.941314 sending message 105 to peer 0x5f08822b0da0 (32 bytes)
1729544847.941319 sending message 105 to peer 0x5f08822b0da0 (11 bytes)
1729544847.941325 sending message 105 to peer 0x5f08822b0da0 (328 bytes)
1729544847.941331 sending message 105 to peer 0x5f08822b0da0 (29 bytes)
1729544847.941336 sending message 105 to peer 0x5f08822b0da0 (19 bytes)
1729544847.941342 sending message 105 to peer 0x5f08822b0da0 (8 bytes)
1729544847.941348 sending message 105 to peer 0x5f08822b0da0 (19 bytes)
1729544847.941354 sending message 105 to peer 0x5f08822b0da0 (47 bytes)
1729544847.941359 sending message 105 to peer 0x5f08822b0da0 (21 bytes)
1729544847.941365 sending message 105 to peer 0x5f08822b0da0 (18 bytes)
1729544847.941370 sending message 105 to peer 0x5f08822b0da0 (26 bytes)
1729544847.941376 sending message 105 to peer 0x5f08822b0da0 (36 bytes)
1729544847.941382 sending message 105 to peer 0x5f08822b0da0 (13 bytes)
1729544847.941387 sending message 105 to peer 0x5f08822b0da0 (59 bytes)
1729544847.941393 sending message 105 to peer 0x5f08822b0da0 (11 bytes)
1729544847.941398 sending message 105 to peer 0x5f08822b0da0 (52 bytes)
1729544847.941404 sending message 105 to peer 0x5f08822b0da0 (44 bytes)
1729544847.941410 sending message 105 to peer 0x5f08822b0da0 (55 bytes)
1729544847.941415 sending message 105 to peer 0x5f08822b0da0 (30 bytes)
1729544847.941420 sending message 105 to peer 0x5f08822b0da0 (29 bytes)
1729544847.941426 sending message 105 to peer 0x5f08822b0da0 (18 bytes)
1729544847.941431 sending message 105 to peer 0x5f08822b0da0 (37 bytes)
1729544847.941437 sending message 105 to peer 0x5f08822b0da0 (35 bytes)
1729544847.941442 sending message 105 to peer 0x5f08822b0da0 (23 bytes)
1729544847.941448 sending message 105 to peer 0x5f08822b0da0 (49 bytes)
1729544847.941453 sending message 105 to peer 0x5f08822b0da0 (31 bytes)
1729544847.941459 sending message 105 to peer 0x5f08822b0da0 (15 bytes)
1729544847.941464 sending message 105 to peer 0x5f08822b0da0 (52 bytes)
1729544847.941470 sending message 105 to peer 0x5f08822b0da0 (23 bytes)
1729544847.941475 sending message 105 to peer 0x5f08822b0da0 (23 bytes)
1729544847.941481 sending message 105 to peer 0x5f08822b0da0 (17 bytes)
1729544847.941486 sending message 105 to peer 0x5f08822b0da0 (58 bytes)
1729544847.941492 sending message 105 to peer 0x5f08822b0da0 (21 bytes)
1729544847.941497 sending message 105 to peer 0x5f08822b0da0 (11 bytes)
1729544847.941503 sending message 105 to peer 0x5f08822b0da0 (27 bytes)
1729544847.941508 sending message 105 to peer 0x5f08822b0da0 (16 bytes)
1729544847.941514 sending message 105 to peer 0x5f08822b0da0 (482 bytes)
1729544847.941520 sending message 106 to peer 0x5f08822b0da0 (0 bytes)
1729544847.941593 sending message 200 to peer 0x5f08822b0da0 (4 bytes)
1729544847.941599 client loop enter
1729544847.942988 peer 0x5f08822b0da0 message 303
1729544847.943008 open write file 2 -
1729544847.943021 sending message 305 to peer 0x5f08822b0da0 (8 bytes)
1729544847.943043 write check file 2
1729544847.943476 peer 0x5f08822b0da0 message 304
1729544847.943488 write 58 to file 2
1729544847.943497 peer 0x5f08822b0da0 message 203
1729544847.943502 file 2 58 bytes left
1729544847.943528 write check file 2
1729544847.943534 client loop exit
