1729544857.779646 client started (17449): version 3.5a, socket /tmp/tmux-1000/default, protocol 8
1729544857.779688 on Linux 6.6.54-1-lts #1 SMP PREEMPT_DYNAMIC Sat, 05 Oct 2024 17:53:31 +0000
1729544857.779695 using libevent 2.1.12-stable poll
1729544857.779700 using ncurses 6.5 20240427
1729544857.779727 flags are 0x18010000
1729544857.779747 socket is /tmp/tmux-1000/default
1729544857.779766 trying connect
1729544857.779788 connect failed: Connection refused
1729544857.779802 lock file is /tmp/tmux-1000/default.lock
1729544857.779830 flock succeeded
1729544857.779834 got lock (7)
1729544857.779847 trying connect
1729544857.779861 connect failed: Connection refused
1729544857.780443 add peer 0x59dc7cfb56f0: 8 ((nil))
1729544857.781250 sending message 111 to peer 0x59dc7cfb56f0 (8 bytes)
1729544857.781260 sending message 111 to peer 0x59dc7cfb56f0 (8 bytes)
1729544857.781266 sending message 101 to peer 0x59dc7cfb56f0 (10 bytes)
1729544857.781272 sending message 109 to peer 0x59dc7cfb56f0 (4 bytes)
1729544857.781277 sending message 102 to peer 0x59dc7cfb56f0 (11 bytes)
1729544857.781283 sending message 108 to peer 0x59dc7cfb56f0 (25 bytes)
1729544857.781288 sending message 112 to peer 0x59dc7cfb56f0 (58 bytes)
1729544857.781294 sending message 112 to peer 0x59dc7cfb56f0 (5 bytes)
1729544857.781299 sending message 112 to peer 0x59dc7cfb56f0 (5 bytes)
1729544857.781304 sending message 112 to peer 0x59dc7cfb56f0 (6 bytes)
1729544857.781310 sending message 112 to peer 0x59dc7cfb56f0 (6 bytes)
1729544857.781315 sending message 112 to peer 0x59dc7cfb56f0 (11 bytes)
1729544857.781320 sending message 112 to peer 0x59dc7cfb56f0 (10 bytes)
1729544857.781326 sending message 112 to peer 0x59dc7cfb56f0 (13 bytes)
1729544857.781331 sending message 112 to peer 0x59dc7cfb56f0 (14 bytes)
1729544857.781336 sending message 112 to peer 0x59dc7cfb56f0 (19 bytes)
1729544857.781342 sending message 112 to peer 0x59dc7cfb56f0 (11 bytes)
1729544857.781347 sending message 112 to peer 0x59dc7cfb56f0 (10 bytes)
1729544857.781352 sending message 112 to peer 0x59dc7cfb56f0 (15 bytes)
1729544857.781357 sending message 112 to peer 0x59dc7cfb56f0 (21 bytes)
1729544857.781363 sending message 112 to peer 0x59dc7cfb56f0 (13 bytes)
1729544857.781368 sending message 112 to peer 0x59dc7cfb56f0 (7 bytes)
1729544857.781373 sending message 112 to peer 0x59dc7cfb56f0 (13 bytes)
1729544857.781379 sending message 112 to peer 0x59dc7cfb56f0 (7 bytes)
1729544857.781384 sending message 112 to peer 0x59dc7cfb56f0 (13 bytes)
1729544857.781389 sending message 112 to peer 0x59dc7cfb56f0 (9 bytes)
1729544857.781394 sending message 112 to peer 0x59dc7cfb56f0 (21 bytes)
1729544857.781400 sending message 112 to peer 0x59dc7cfb56f0 (13 bytes)
1729544857.781405 sending message 112 to peer 0x59dc7cfb56f0 (9 bytes)
1729544857.781410 sending message 112 to peer 0x59dc7cfb56f0 (16 bytes)
1729544857.781416 sending message 112 to peer 0x59dc7cfb56f0 (13 bytes)
1729544857.781421 sending message 112 to peer 0x59dc7cfb56f0 (9 bytes)
1729544857.781426 sending message 112 to peer 0x59dc7cfb56f0 (9 bytes)
1729544857.781431 sending message 112 to peer 0x59dc7cfb56f0 (12 bytes)
1729544857.781437 sending message 112 to peer 0x59dc7cfb56f0 (8 bytes)
1729544857.781442 sending message 112 to peer 0x59dc7cfb56f0 (8 bytes)
1729544857.781447 sending message 112 to peer 0x59dc7cfb56f0 (13 bytes)
1729544857.781453 sending message 112 to peer 0x59dc7cfb56f0 (7 bytes)
1729544857.781458 sending message 112 to peer 0x59dc7cfb56f0 (7 bytes)
1729544857.781463 sending message 112 to peer 0x59dc7cfb56f0 (9 bytes)
1729544857.781469 sending message 112 to peer 0x59dc7cfb56f0 (6 bytes)
1729544857.781474 sending message 112 to peer 0x59dc7cfb56f0 (9 bytes)
1729544857.781479 sending message 112 to peer 0x59dc7cfb56f0 (15 bytes)
1729544857.781485 sending message 112 to peer 0x59dc7cfb56f0 (13 bytes)
1729544857.781490 sending message 112 to peer 0x59dc7cfb56f0 (12 bytes)
1729544857.781495 sending message 112 to peer 0x59dc7cfb56f0 (8 bytes)
1729544857.781501 sending message 112 to peer 0x59dc7cfb56f0 (14 bytes)
1729544857.781506 sending message 112 to peer 0x59dc7cfb56f0 (11 bytes)
1729544857.781527 sending message 112 to peer 0x59dc7cfb56f0 (9 bytes)
1729544857.781533 sending message 112 to peer 0x59dc7cfb56f0 (10 bytes)
1729544857.781538 sending message 112 to peer 0x59dc7cfb56f0 (10 bytes)
1729544857.781544 sending message 112 to peer 0x59dc7cfb56f0 (10 bytes)
1729544857.781549 sending message 112 to peer 0x59dc7cfb56f0 (10 bytes)
1729544857.781554 sending message 112 to peer 0x59dc7cfb56f0 (11 bytes)
1729544857.781560 sending message 112 to peer 0x59dc7cfb56f0 (12 bytes)
1729544857.781565 sending message 112 to peer 0x59dc7cfb56f0 (12 bytes)
1729544857.781571 sending message 112 to peer 0x59dc7cfb56f0 (12 bytes)
1729544857.781576 sending message 112 to peer 0x59dc7cfb56f0 (12 bytes)
1729544857.781581 sending message 112 to peer 0x59dc7cfb56f0 (12 bytes)
1729544857.781587 sending message 112 to peer 0x59dc7cfb56f0 (11 bytes)
1729544857.781592 sending message 112 to peer 0x59dc7cfb56f0 (11 bytes)
1729544857.781597 sending message 112 to peer 0x59dc7cfb56f0 (12 bytes)
1729544857.781603 sending message 112 to peer 0x59dc7cfb56f0 (12 bytes)
1729544857.781608 sending message 112 to peer 0x59dc7cfb56f0 (12 bytes)
1729544857.781613 sending message 112 to peer 0x59dc7cfb56f0 (12 bytes)
1729544857.781619 sending message 112 to peer 0x59dc7cfb56f0 (12 bytes)
1729544857.781624 sending message 112 to peer 0x59dc7cfb56f0 (9 bytes)
1729544857.781629 sending message 112 to peer 0x59dc7cfb56f0 (12 bytes)
1729544857.781634 sending message 112 to peer 0x59dc7cfb56f0 (13 bytes)
1729544857.781640 sending message 112 to peer 0x59dc7cfb56f0 (13 bytes)
1729544857.781645 sending message 112 to peer 0x59dc7cfb56f0 (13 bytes)
1729544857.781650 sending message 112 to peer 0x59dc7cfb56f0 (13 bytes)
1729544857.781656 sending message 112 to peer 0x59dc7cfb56f0 (13 bytes)
1729544857.781661 sending message 112 to peer 0x59dc7cfb56f0 (8 bytes)
1729544857.781666 sending message 112 to peer 0x59dc7cfb56f0 (11 bytes)
1729544857.781672 sending message 112 to peer 0x59dc7cfb56f0 (11 bytes)
1729544857.781678 sending message 112 to peer 0x59dc7cfb56f0 (11 bytes)
1729544857.781683 sending message 112 to peer 0x59dc7cfb56f0 (12 bytes)
1729544857.781688 sending message 112 to peer 0x59dc7cfb56f0 (12 bytes)
1729544857.781693 sending message 112 to peer 0x59dc7cfb56f0 (12 bytes)
1729544857.781699 sending message 112 to peer 0x59dc7cfb56f0 (12 bytes)
1729544857.781704 sending message 112 to peer 0x59dc7cfb56f0 (13 bytes)
1729544857.781709 sending message 112 to peer 0x59dc7cfb56f0 (13 bytes)
1729544857.781715 sending message 112 to peer 0x59dc7cfb56f0 (13 bytes)
1729544857.781720 sending message 112 to peer 0x59dc7cfb56f0 (8 bytes)
1729544857.781725 sending message 112 to peer 0x59dc7cfb56f0 (13 bytes)
1729544857.781731 sending message 112 to peer 0x59dc7cfb56f0 (13 bytes)
1729544857.781736 sending message 112 to peer 0x59dc7cfb56f0 (13 bytes)
1729544857.781741 sending message 112 to peer 0x59dc7cfb56f0 (13 bytes)
1729544857.781747 sending message 112 to peer 0x59dc7cfb56f0 (13 bytes)
1729544857.781752 sending message 112 to peer 0x59dc7cfb56f0 (12 bytes)
1729544857.781757 sending message 112 to peer 0x59dc7cfb56f0 (12 bytes)
1729544857.781763 sending message 112 to peer 0x59dc7cfb56f0 (12 bytes)
1729544857.781768 sending message 112 to peer 0x59dc7cfb56f0 (12 bytes)
1729544857.781773 sending message 112 to peer 0x59dc7cfb56f0 (13 bytes)
1729544857.781779 sending message 112 to peer 0x59dc7cfb56f0 (8 bytes)
1729544857.781784 sending message 112 to peer 0x59dc7cfb56f0 (13 bytes)
1729544857.781789 sending message 112 to peer 0x59dc7cfb56f0 (13 bytes)
1729544857.781795 sending message 112 to peer 0x59dc7cfb56f0 (13 bytes)
1729544857.781800 sending message 112 to peer 0x59dc7cfb56f0 (13 bytes)
1729544857.781805 sending message 112 to peer 0x59dc7cfb56f0 (13 bytes)
1729544857.781811 sending message 112 to peer 0x59dc7cfb56f0 (13 bytes)
1729544857.781816 sending message 112 to peer 0x59dc7cfb56f0 (13 bytes)
1729544857.781821 sending message 112 to peer 0x59dc7cfb56f0 (12 bytes)
1729544857.781827 sending message 112 to peer 0x59dc7cfb56f0 (12 bytes)
1729544857.781840 sending message 112 to peer 0x59dc7cfb56f0 (12 bytes)
1729544857.781845 sending message 112 to peer 0x59dc7cfb56f0 (8 bytes)
1729544857.781851 sending message 112 to peer 0x59dc7cfb56f0 (12 bytes)
1729544857.781856 sending message 112 to peer 0x59dc7cfb56f0 (13 bytes)
1729544857.781862 sending message 112 to peer 0x59dc7cfb56f0 (13 bytes)
1729544857.781867 sending message 112 to peer 0x59dc7cfb56f0 (13 bytes)
1729544857.781872 sending message 112 to peer 0x59dc7cfb56f0 (13 bytes)
1729544857.781877 sending message 112 to peer 0x59dc7cfb56f0 (13 bytes)
1729544857.781883 sending message 112 to peer 0x59dc7cfb56f0 (13 bytes)
1729544857.781888 sending message 112 to peer 0x59dc7cfb56f0 (13 bytes)
1729544857.781910 sending message 112 to peer 0x59dc7cfb56f0 (13 bytes)
1729544857.781923 sending message 112 to peer 0x59dc7cfb56f0 (12 bytes)
1729544857.781929 sending message 112 to peer 0x59dc7cfb56f0 (10 bytes)
1729544857.781934 sending message 112 to peer 0x59dc7cfb56f0 (12 bytes)
1729544857.781939 sending message 112 to peer 0x59dc7cfb56f0 (12 bytes)
1729544857.781945 sending message 112 to peer 0x59dc7cfb56f0 (12 bytes)
1729544857.781950 sending message 112 to peer 0x59dc7cfb56f0 (13 bytes)
1729544857.781955 sending message 112 to peer 0x59dc7cfb56f0 (13 bytes)
1729544857.781960 sending message 112 to peer 0x59dc7cfb56f0 (13 bytes)
1729544857.781966 sending message 112 to peer 0x59dc7cfb56f0 (13 bytes)
1729544857.781971 sending message 112 to peer 0x59dc7cfb56f0 (13 bytes)
1729544857.781976 sending message 112 to peer 0x59dc7cfb56f0 (13 bytes)
1729544857.781981 sending message 112 to peer 0x59dc7cfb56f0 (13 bytes)
1729544857.781987 sending message 112 to peer 0x59dc7cfb56f0 (10 bytes)
1729544857.781992 sending message 112 to peer 0x59dc7cfb56f0 (13 bytes)
1729544857.781997 sending message 112 to peer 0x59dc7cfb56f0 (12 bytes)
1729544857.782003 sending message 112 to peer 0x59dc7cfb56f0 (12 bytes)
1729544857.782008 sending message 112 to peer 0x59dc7cfb56f0 (12 bytes)
1729544857.782013 sending message 112 to peer 0x59dc7cfb56f0 (10 bytes)
1729544857.782018 sending message 112 to peer 0x59dc7cfb56f0 (10 bytes)
1729544857.782024 sending message 112 to peer 0x59dc7cfb56f0 (10 bytes)
1729544857.782029 sending message 112 to peer 0x59dc7cfb56f0 (12 bytes)
1729544857.782034 sending message 112 to peer 0x59dc7cfb56f0 (13 bytes)
1729544857.782040 sending message 112 to peer 0x59dc7cfb56f0 (13 bytes)
1729544857.782045 sending message 112 to peer 0x59dc7cfb56f0 (13 bytes)
1729544857.782050 sending message 112 to peer 0x59dc7cfb56f0 (13 bytes)
1729544857.782055 sending message 112 to peer 0x59dc7cfb56f0 (13 bytes)
1729544857.782061 sending message 112 to peer 0x59dc7cfb56f0 (10 bytes)
1729544857.782066 sending message 112 to peer 0x59dc7cfb56f0 (11 bytes)
1729544857.782071 sending message 112 to peer 0x59dc7cfb56f0 (12 bytes)
1729544857.782076 sending message 112 to peer 0x59dc7cfb56f0 (12 bytes)
1729544857.782082 sending message 112 to peer 0x59dc7cfb56f0 (12 bytes)
1729544857.782087 sending message 112 to peer 0x59dc7cfb56f0 (12 bytes)
1729544857.782092 sending message 112 to peer 0x59dc7cfb56f0 (12 bytes)
1729544857.782098 sending message 112 to peer 0x59dc7cfb56f0 (11 bytes)
1729544857.782103 sending message 112 to peer 0x59dc7cfb56f0 (12 bytes)
1729544857.782108 sending message 112 to peer 0x59dc7cfb56f0 (12 bytes)
1729544857.782113 sending message 112 to peer 0x59dc7cfb56f0 (13 bytes)
1729544857.782119 sending message 112 to peer 0x59dc7cfb56f0 (13 bytes)
1729544857.782124 sending message 112 to peer 0x59dc7cfb56f0 (13 bytes)
1729544857.782129 sending message 112 to peer 0x59dc7cfb56f0 (13 bytes)
1729544857.782134 sending message 112 to peer 0x59dc7cfb56f0 (13 bytes)
1729544857.782140 sending message 112 to peer 0x59dc7cfb56f0 (10 bytes)
1729544857.782145 sending message 112 to peer 0x59dc7cfb56f0 (9 bytes)
1729544857.782150 sending message 112 to peer 0x59dc7cfb56f0 (12 bytes)
1729544857.782156 sending message 112 to peer 0x59dc7cfb56f0 (13 bytes)
1729544857.782169 sending message 112 to peer 0x59dc7cfb56f0 (13 bytes)
1729544857.782174 sending message 112 to peer 0x59dc7cfb56f0 (13 bytes)
1729544857.782179 sending message 112 to peer 0x59dc7cfb56f0 (13 bytes)
1729544857.782185 sending message 112 to peer 0x59dc7cfb56f0 (13 bytes)
1729544857.782190 sending message 112 to peer 0x59dc7cfb56f0 (9 bytes)
1729544857.782195 sending message 112 to peer 0x59dc7cfb56f0 (12 bytes)
1729544857.782200 sending message 112 to peer 0x59dc7cfb56f0 (13 bytes)
1729544857.782206 sending message 112 to peer 0x59dc7cfb56f0 (13 bytes)
1729544857.782211 sending message 112 to peer 0x59dc7cfb56f0 (13 bytes)
1729544857.782216 sending message 112 to peer 0x59dc7cfb56f0 (13 bytes)
1729544857.782222 sending message 112 to peer 0x59dc7cfb56f0 (13 bytes)
1729544857.782227 sending message 112 to peer 0x59dc7cfb56f0 (11 bytes)
1729544857.782232 sending message 112 to peer 0x59dc7cfb56f0 (12 bytes)
1729544857.782237 sending message 112 to peer 0x59dc7cfb56f0 (13 bytes)
1729544857.782243 sending message 112 to peer 0x59dc7cfb56f0 (13 bytes)
1729544857.782248 sending message 112 to peer 0x59dc7cfb56f0 (13 bytes)
1729544857.782253 sending message 112 to peer 0x59dc7cfb56f0 (13 bytes)
1729544857.782259 sending message 112 to peer 0x59dc7cfb56f0 (13 bytes)
1729544857.782264 sending message 112 to peer 0x59dc7cfb56f0 (11 bytes)
1729544857.782269 sending message 112 to peer 0x59dc7cfb56f0 (12 bytes)
1729544857.782275 sending message 112 to peer 0x59dc7cfb56f0 (12 bytes)
1729544857.782280 sending message 112 to peer 0x59dc7cfb56f0 (12 bytes)
1729544857.782285 sending message 112 to peer 0x59dc7cfb56f0 (12 bytes)
1729544857.782291 sending message 112 to peer 0x59dc7cfb56f0 (12 bytes)
1729544857.782296 sending message 112 to peer 0x59dc7cfb56f0 (21 bytes)
1729544857.782301 sending message 112 to peer 0x59dc7cfb56f0 (12 bytes)
1729544857.782307 sending message 112 to peer 0x59dc7cfb56f0 (9 bytes)
1729544857.782312 sending message 112 to peer 0x59dc7cfb56f0 (6 bytes)
1729544857.782318 sending message 112 to peer 0x59dc7cfb56f0 (13 bytes)
1729544857.782323 sending message 112 to peer 0x59dc7cfb56f0 (10 bytes)
1729544857.782328 sending message 112 to peer 0x59dc7cfb56f0 (24 bytes)
1729544857.782334 sending message 112 to peer 0x59dc7cfb56f0 (13 bytes)
1729544857.782339 sending message 112 to peer 0x59dc7cfb56f0 (9 bytes)
1729544857.782345 sending message 112 to peer 0x59dc7cfb56f0 (70 bytes)
1729544857.782350 sending message 112 to peer 0x59dc7cfb56f0 (69 bytes)
1729544857.782356 sending message 112 to peer 0x59dc7cfb56f0 (12 bytes)
1729544857.782362 sending message 112 to peer 0x59dc7cfb56f0 (10 bytes)
1729544857.782367 sending message 112 to peer 0x59dc7cfb56f0 (10 bytes)
1729544857.782372 sending message 112 to peer 0x59dc7cfb56f0 (24 bytes)
1729544857.782378 sending message 112 to peer 0x59dc7cfb56f0 (13 bytes)
1729544857.782383 sending message 112 to peer 0x59dc7cfb56f0 (10 bytes)
1729544857.782388 sending message 112 to peer 0x59dc7cfb56f0 (10 bytes)
1729544857.782394 sending message 112 to peer 0x59dc7cfb56f0 (17 bytes)
1729544857.782399 sending message 112 to peer 0x59dc7cfb56f0 (10 bytes)
1729544857.782405 sending message 112 to peer 0x59dc7cfb56f0 (13 bytes)
1729544857.782410 sending message 112 to peer 0x59dc7cfb56f0 (9 bytes)
1729544857.782416 sending message 112 to peer 0x59dc7cfb56f0 (15 bytes)
1729544857.782421 sending message 112 to peer 0x59dc7cfb56f0 (5 bytes)
1729544857.782428 sending message 104 to peer 0x59dc7cfb56f0 (0 bytes)
1729544857.782434 sending message 110 to peer 0x59dc7cfb56f0 (0 bytes)
1729544857.782440 sending message 107 to peer 0x59dc7cfb56f0 (4 bytes)
1729544857.782446 sending message 105 to peer 0x59dc7cfb56f0 (38 bytes)
1729544857.782451 sending message 105 to peer 0x59dc7cfb56f0 (55 bytes)
1729544857.782457 sending message 105 to peer 0x59dc7cfb56f0 (29 bytes)
1729544857.782462 sending message 105 to peer 0x59dc7cfb56f0 (20 bytes)
1729544857.782468 sending message 105 to peer 0x59dc7cfb56f0 (54 bytes)
1729544857.782474 sending message 105 to peer 0x59dc7cfb56f0 (50 bytes)
1729544857.782495 sending message 105 to peer 0x59dc7cfb56f0 (19 bytes)
1729544857.782501 sending message 105 to peer 0x59dc7cfb56f0 (11 bytes)
1729544857.782506 sending message 105 to peer 0x59dc7cfb56f0 (14 bytes)
1729544857.782512 sending message 105 to peer 0x59dc7cfb56f0 (35 bytes)
1729544857.782517 sending message 105 to peer 0x59dc7cfb56f0 (30 bytes)
1729544857.782523 sending message 105 to peer 0x59dc7cfb56f0 (32 bytes)
1729544857.782528 sending message 105 to peer 0x59dc7cfb56f0 (17 bytes)
1729544857.782534 sending message 105 to peer 0x59dc7cfb56f0 (41 bytes)
1729544857.782539 sending message 105 to peer 0x59dc7cfb56f0 (17 bytes)
1729544857.782544 sending message 105 to peer 0x59dc7cfb56f0 (24 bytes)
1729544857.782550 sending message 105 to peer 0x59dc7cfb56f0 (14 bytes)
1729544857.782556 sending message 105 to peer 0x59dc7cfb56f0 (27 bytes)
1729544857.782562 sending message 105 to peer 0x59dc7cfb56f0 (27 bytes)
1729544857.782567 sending message 105 to peer 0x59dc7cfb56f0 (15 bytes)
1729544857.782573 sending message 105 to peer 0x59dc7cfb56f0 (19 bytes)
1729544857.782578 sending message 105 to peer 0x59dc7cfb56f0 (241 bytes)
1729544857.782584 sending message 105 to peer 0x59dc7cfb56f0 (29 bytes)
1729544857.782589 sending message 105 to peer 0x59dc7cfb56f0 (19 bytes)
1729544857.782595 sending message 105 to peer 0x59dc7cfb56f0 (8 bytes)
1729544857.782600 sending message 105 to peer 0x59dc7cfb56f0 (15 bytes)
1729544857.782606 sending message 105 to peer 0x59dc7cfb56f0 (11 bytes)
1729544857.782612 sending message 105 to peer 0x59dc7cfb56f0 (18 bytes)
1729544857.782617 sending message 105 to peer 0x59dc7cfb56f0 (35 bytes)
1729544857.782622 sending message 105 to peer 0x59dc7cfb56f0 (23 bytes)
1729544857.782628 sending message 105 to peer 0x59dc7cfb56f0 (49 bytes)
1729544857.782633 sending message 105 to peer 0x59dc7cfb56f0 (31 bytes)
1729544857.782639 sending message 105 to peer 0x59dc7cfb56f0 (15 bytes)
1729544857.782644 sending message 105 to peer 0x59dc7cfb56f0 (52 bytes)
1729544857.782650 sending message 105 to peer 0x59dc7cfb56f0 (23 bytes)
1729544857.782655 sending message 105 to peer 0x59dc7cfb56f0 (23 bytes)
1729544857.782661 sending message 105 to peer 0x59dc7cfb56f0 (17 bytes)
1729544857.782667 sending message 105 to peer 0x59dc7cfb56f0 (58 bytes)
1729544857.782672 sending message 105 to peer 0x59dc7cfb56f0 (21 bytes)
1729544857.782678 sending message 105 to peer 0x59dc7cfb56f0 (11 bytes)
1729544857.782683 sending message 105 to peer 0x59dc7cfb56f0 (16 bytes)
1729544857.782688 sending message 105 to peer 0x59dc7cfb56f0 (27 bytes)
1729544857.782694 sending message 105 to peer 0x59dc7cfb56f0 (37 bytes)
1729544857.782699 sending message 105 to peer 0x59dc7cfb56f0 (39 bytes)
1729544857.782705 sending message 105 to peer 0x59dc7cfb56f0 (44 bytes)
1729544857.782710 sending message 105 to peer 0x59dc7cfb56f0 (30 bytes)
1729544857.782716 sending message 105 to peer 0x59dc7cfb56f0 (55 bytes)
1729544857.782721 sending message 105 to peer 0x59dc7cfb56f0 (52 bytes)
1729544857.782726 sending message 105 to peer 0x59dc7cfb56f0 (11 bytes)
1729544857.782732 sending message 105 to peer 0x59dc7cfb56f0 (8 bytes)
1729544857.782737 sending message 105 to peer 0x59dc7cfb56f0 (32 bytes)
1729544857.782743 sending message 105 to peer 0x59dc7cfb56f0 (1905 bytes)
1729544857.782767 sending message 105 to peer 0x59dc7cfb56f0 (47 bytes)
1729544857.782773 sending message 105 to peer 0x59dc7cfb56f0 (19 bytes)
1729544857.782778 sending message 105 to peer 0x59dc7cfb56f0 (57 bytes)
1729544857.782784 sending message 105 to peer 0x59dc7cfb56f0 (29 bytes)
1729544857.782790 sending message 105 to peer 0x59dc7cfb56f0 (253 bytes)
1729544857.782795 sending message 106 to peer 0x59dc7cfb56f0 (0 bytes)
1729544857.782889 sending message 200 to peer 0x59dc7cfb56f0 (4 bytes)
1729544857.782894 client loop enter
1729544857.782918 client_signal: Child exited
1729544858.160340 peer 0x59dc7cfb56f0 message 207
1729544858.160350 sending message 208 to peer 0x59dc7cfb56f0 (0 bytes)
1729544859.681116 peer 0x59dc7cfb56f0 message 203
1729544859.681141 sending message 205 to peer 0x59dc7cfb56f0 (0 bytes)
1729544859.681926 peer 0x59dc7cfb56f0 message 204
1729544859.681940 client loop exit
